[2024-10-30 16:01:09,769] INFO [GroupMetadataManager brokerId=0] Group console-consumer-39447 transitioned to Dead in generation 2 (kafka.coordinator.group.GroupMetadataManager)
[2024-10-30 16:52:43,536] INFO Terminating process due to signal SIGHUP (org.apache.kafka.common.utils.LoggingSignalHandler)
[2024-10-30 16:52:43,582] INFO [GroupCoordinator 0]: Preparing to rebalance group console-consumer-98261 in state PreparingRebalance with old generation 1 (__consumer_offsets-17) (reason: Removing member console-consumer-1224b65a-224e-4ab4-b5a6-8da17ba5fa62 on LeaveGroup; client reason: the consumer is being closed) (kafka.coordinator.group.GroupCoordinator)
[2024-10-30 16:52:43,582] INFO [GroupCoordinator 0]: Preparing to rebalance group console-consumer-92373 in state PreparingRebalance with old generation 1 (__consumer_offsets-15) (reason: Removing member console-consumer-c0aeb2c1-01ea-424c-8399-f41d62ce3c60 on LeaveGroup; client reason: the consumer is being closed) (kafka.coordinator.group.GroupCoordinator)
[2024-10-30 16:52:43,583] INFO [GroupCoordinator 0]: Group console-consumer-98261 with generation 2 is now empty (__consumer_offsets-17) (kafka.coordinator.group.GroupCoordinator)
[2024-10-30 16:52:43,583] INFO [GroupCoordinator 0]: Group console-consumer-92373 with generation 2 is now empty (__consumer_offsets-15) (kafka.coordinator.group.GroupCoordinator)
[2024-10-30 16:52:43,585] INFO [GroupCoordinator 0]: Member MemberMetadata(memberId=console-consumer-1224b65a-224e-4ab4-b5a6-8da17ba5fa62, groupInstanceId=None, clientId=console-consumer, clientHost=/127.0.0.1, sessionTimeoutMs=45000, rebalanceTimeoutMs=300000, supportedProtocols=List(range, cooperative-sticky)) has left group console-consumer-98261 through explicit `LeaveGroup`; client reason: the consumer is being closed (kafka.coordinator.group.GroupCoordinator)
[2024-10-30 16:52:43,585] INFO [GroupCoordinator 0]: Member MemberMetadata(memberId=console-consumer-c0aeb2c1-01ea-424c-8399-f41d62ce3c60, groupInstanceId=None, clientId=console-consumer, clientHost=/127.0.0.1, sessionTimeoutMs=45000, rebalanceTimeoutMs=300000, supportedProtocols=List(range, cooperative-sticky)) has left group console-consumer-92373 through explicit `LeaveGroup`; client reason: the consumer is being closed (kafka.coordinator.group.GroupCoordinator)
[2024-10-30 16:52:43,593] INFO [KafkaServer id=0] shutting down (kafka.server.KafkaServer)
[2024-10-30 16:52:43,609] INFO [KafkaServer id=0] Starting controlled shutdown (kafka.server.KafkaServer)
[2024-10-30 16:52:43,687] INFO [KafkaServer id=0] Controlled shutdown request returned successfully after 29ms (kafka.server.KafkaServer)
[2024-10-30 16:52:43,696] INFO [/config/changes-event-process-thread]: Shutting down (kafka.common.ZkNodeChangeNotificationListener$ChangeEventProcessThread)
[2024-10-30 16:52:43,697] INFO [/config/changes-event-process-thread]: Shutdown completed (kafka.common.ZkNodeChangeNotificationListener$ChangeEventProcessThread)
[2024-10-30 16:52:43,697] INFO [/config/changes-event-process-thread]: Stopped (kafka.common.ZkNodeChangeNotificationListener$ChangeEventProcessThread)
[2024-10-30 16:52:43,698] INFO [SocketServer listenerType=ZK_BROKER, nodeId=0] Stopping socket server request processors (kafka.network.SocketServer)
[2024-10-30 16:52:43,834] INFO [SocketServer listenerType=ZK_BROKER, nodeId=0] Stopped socket server request processors (kafka.network.SocketServer)
[2024-10-30 16:52:43,837] INFO [data-plane Kafka Request Handler on Broker 0], shutting down (kafka.server.KafkaRequestHandlerPool)
[2024-10-30 16:52:43,862] INFO [data-plane Kafka Request Handler on Broker 0], shut down completely (kafka.server.KafkaRequestHandlerPool)
[2024-10-30 16:52:43,898] INFO [ExpirationReaper-0-AlterAcls]: Shutting down (kafka.server.DelayedOperationPurgatory$ExpiredOperationReaper)
[2024-10-30 16:52:43,899] INFO [ExpirationReaper-0-AlterAcls]: Stopped (kafka.server.DelayedOperationPurgatory$ExpiredOperationReaper)
[2024-10-30 16:52:43,900] INFO [ExpirationReaper-0-AlterAcls]: Shutdown completed (kafka.server.DelayedOperationPurgatory$ExpiredOperationReaper)
[2024-10-30 16:52:43,912] WARN Session 0x1000c04d8930000 for server localhost/127.0.0.1:2181, Closing socket connection. Attempting reconnect except it is a SessionExpiredException. (org.apache.zookeeper.ClientCnxn)
EndOfStreamException: Unable to read additional data from server sessionid 0x1000c04d8930000, likely server has closed socket
	at org.apache.zookeeper.ClientCnxnSocketNIO.doIO(ClientCnxnSocketNIO.java:77)
	at org.apache.zookeeper.ClientCnxnSocketNIO.doTransport(ClientCnxnSocketNIO.java:350)
	at org.apache.zookeeper.ClientCnxn$SendThread.run(ClientCnxn.java:1289)
[2024-10-30 16:52:43,930] INFO [KafkaApi-0] Shutdown complete. (kafka.server.KafkaApis)
[2024-10-30 16:52:43,932] INFO [ExpirationReaper-0-topic]: Shutting down (kafka.server.DelayedOperationPurgatory$ExpiredOperationReaper)
[2024-10-30 16:52:43,933] INFO [ExpirationReaper-0-topic]: Stopped (kafka.server.DelayedOperationPurgatory$ExpiredOperationReaper)
[2024-10-30 16:52:43,933] INFO [ExpirationReaper-0-topic]: Shutdown completed (kafka.server.DelayedOperationPurgatory$ExpiredOperationReaper)
[2024-10-30 16:52:43,937] INFO [TransactionCoordinator id=0] Shutting down. (kafka.coordinator.transaction.TransactionCoordinator)
[2024-10-30 16:52:43,939] INFO [Transaction State Manager 0]: Shutdown complete (kafka.coordinator.transaction.TransactionStateManager)
[2024-10-30 16:52:43,939] INFO [TxnMarkerSenderThread-0]: Shutting down (kafka.coordinator.transaction.TransactionMarkerChannelManager)
[2024-10-30 16:52:43,939] INFO [TxnMarkerSenderThread-0]: Shutdown completed (kafka.coordinator.transaction.TransactionMarkerChannelManager)
[2024-10-30 16:52:43,939] INFO [TxnMarkerSenderThread-0]: Stopped (kafka.coordinator.transaction.TransactionMarkerChannelManager)
[2024-10-30 16:52:43,941] INFO [TransactionCoordinator id=0] Shutdown complete. (kafka.coordinator.transaction.TransactionCoordinator)
[2024-10-30 16:52:43,943] INFO [GroupCoordinator 0]: Shutting down. (kafka.coordinator.group.GroupCoordinator)
[2024-10-30 16:52:43,944] INFO [ExpirationReaper-0-Heartbeat]: Shutting down (kafka.server.DelayedOperationPurgatory$ExpiredOperationReaper)
[2024-10-30 16:52:43,945] INFO [ExpirationReaper-0-Heartbeat]: Stopped (kafka.server.DelayedOperationPurgatory$ExpiredOperationReaper)
[2024-10-30 16:52:43,945] INFO [ExpirationReaper-0-Heartbeat]: Shutdown completed (kafka.server.DelayedOperationPurgatory$ExpiredOperationReaper)
[2024-10-30 16:52:43,946] INFO [ExpirationReaper-0-Rebalance]: Shutting down (kafka.server.DelayedOperationPurgatory$ExpiredOperationReaper)
[2024-10-30 16:52:43,947] INFO [ExpirationReaper-0-Rebalance]: Stopped (kafka.server.DelayedOperationPurgatory$ExpiredOperationReaper)
[2024-10-30 16:52:43,947] INFO [ExpirationReaper-0-Rebalance]: Shutdown completed (kafka.server.DelayedOperationPurgatory$ExpiredOperationReaper)
[2024-10-30 16:52:43,949] INFO [GroupCoordinator 0]: Shutdown complete. (kafka.coordinator.group.GroupCoordinator)
[2024-10-30 16:52:43,951] INFO [ReplicaManager broker=0] Shutting down (kafka.server.ReplicaManager)
[2024-10-30 16:52:43,952] INFO [LogDirFailureHandler]: Shutting down (kafka.server.ReplicaManager$LogDirFailureHandler)
[2024-10-30 16:52:43,953] INFO [LogDirFailureHandler]: Shutdown completed (kafka.server.ReplicaManager$LogDirFailureHandler)
[2024-10-30 16:52:43,953] INFO [LogDirFailureHandler]: Stopped (kafka.server.ReplicaManager$LogDirFailureHandler)
[2024-10-30 16:52:43,954] INFO [ReplicaFetcherManager on broker 0] shutting down (kafka.server.ReplicaFetcherManager)
[2024-10-30 16:52:43,956] INFO [ReplicaFetcherManager on broker 0] shutdown completed (kafka.server.ReplicaFetcherManager)
[2024-10-30 16:52:43,957] INFO [ReplicaAlterLogDirsManager on broker 0] shutting down (kafka.server.ReplicaAlterLogDirsManager)
[2024-10-30 16:52:43,958] INFO [ReplicaAlterLogDirsManager on broker 0] shutdown completed (kafka.server.ReplicaAlterLogDirsManager)
[2024-10-30 16:52:43,958] INFO [ExpirationReaper-0-Fetch]: Shutting down (kafka.server.DelayedOperationPurgatory$ExpiredOperationReaper)
[2024-10-30 16:52:43,959] INFO [ExpirationReaper-0-Fetch]: Stopped (kafka.server.DelayedOperationPurgatory$ExpiredOperationReaper)
[2024-10-30 16:52:43,959] INFO [ExpirationReaper-0-Fetch]: Shutdown completed (kafka.server.DelayedOperationPurgatory$ExpiredOperationReaper)
[2024-10-30 16:52:43,960] INFO [ExpirationReaper-0-RemoteFetch]: Shutting down (kafka.server.DelayedOperationPurgatory$ExpiredOperationReaper)
[2024-10-30 16:52:43,961] INFO [ExpirationReaper-0-RemoteFetch]: Stopped (kafka.server.DelayedOperationPurgatory$ExpiredOperationReaper)
[2024-10-30 16:52:43,961] INFO [ExpirationReaper-0-RemoteFetch]: Shutdown completed (kafka.server.DelayedOperationPurgatory$ExpiredOperationReaper)
[2024-10-30 16:52:43,962] INFO [ExpirationReaper-0-Produce]: Shutting down (kafka.server.DelayedOperationPurgatory$ExpiredOperationReaper)
[2024-10-30 16:52:43,962] INFO [ExpirationReaper-0-Produce]: Stopped (kafka.server.DelayedOperationPurgatory$ExpiredOperationReaper)
[2024-10-30 16:52:43,962] INFO [ExpirationReaper-0-Produce]: Shutdown completed (kafka.server.DelayedOperationPurgatory$ExpiredOperationReaper)
[2024-10-30 16:52:43,964] INFO [ExpirationReaper-0-DeleteRecords]: Shutting down (kafka.server.DelayedOperationPurgatory$ExpiredOperationReaper)
[2024-10-30 16:52:43,964] INFO [ExpirationReaper-0-DeleteRecords]: Stopped (kafka.server.DelayedOperationPurgatory$ExpiredOperationReaper)
[2024-10-30 16:52:43,964] INFO [ExpirationReaper-0-DeleteRecords]: Shutdown completed (kafka.server.DelayedOperationPurgatory$ExpiredOperationReaper)
[2024-10-30 16:52:43,965] INFO [ExpirationReaper-0-ElectLeader]: Shutting down (kafka.server.DelayedOperationPurgatory$ExpiredOperationReaper)
[2024-10-30 16:52:43,966] INFO [ExpirationReaper-0-ElectLeader]: Stopped (kafka.server.DelayedOperationPurgatory$ExpiredOperationReaper)
[2024-10-30 16:52:43,966] INFO [ExpirationReaper-0-ElectLeader]: Shutdown completed (kafka.server.DelayedOperationPurgatory$ExpiredOperationReaper)
[2024-10-30 16:52:43,973] INFO [AddPartitionsToTxnSenderThread-0]: Shutting down (kafka.server.AddPartitionsToTxnManager)
[2024-10-30 16:52:43,973] INFO [AddPartitionsToTxnSenderThread-0]: Shutdown completed (kafka.server.AddPartitionsToTxnManager)
[2024-10-30 16:52:43,973] INFO [AddPartitionsToTxnSenderThread-0]: Stopped (kafka.server.AddPartitionsToTxnManager)
[2024-10-30 16:52:43,973] INFO [ReplicaManager broker=0] Shut down completely (kafka.server.ReplicaManager)
[2024-10-30 16:52:43,974] INFO [zk-broker-0-to-controller-alter-partition-channel-manager]: Shutting down (kafka.server.NodeToControllerRequestThread)
[2024-10-30 16:52:43,974] INFO [zk-broker-0-to-controller-alter-partition-channel-manager]: Shutdown completed (kafka.server.NodeToControllerRequestThread)
[2024-10-30 16:52:43,974] INFO [zk-broker-0-to-controller-alter-partition-channel-manager]: Stopped (kafka.server.NodeToControllerRequestThread)
[2024-10-30 16:52:43,976] INFO Node to controller channel manager for alter-partition shutdown (kafka.server.NodeToControllerChannelManagerImpl)
[2024-10-30 16:52:43,976] INFO [zk-broker-0-to-controller-forwarding-channel-manager]: Shutting down (kafka.server.NodeToControllerRequestThread)
[2024-10-30 16:52:43,976] INFO [zk-broker-0-to-controller-forwarding-channel-manager]: Stopped (kafka.server.NodeToControllerRequestThread)
[2024-10-30 16:52:43,976] INFO [zk-broker-0-to-controller-forwarding-channel-manager]: Shutdown completed (kafka.server.NodeToControllerRequestThread)
[2024-10-30 16:52:43,977] INFO Node to controller channel manager for forwarding shutdown (kafka.server.NodeToControllerChannelManagerImpl)
[2024-10-30 16:52:43,978] INFO Shutting down. (kafka.log.LogManager)
[2024-10-30 16:52:43,982] INFO [kafka-log-cleaner-thread-0]: Shutting down (kafka.log.LogCleaner$CleanerThread)
[2024-10-30 16:52:43,983] INFO [kafka-log-cleaner-thread-0]: Shutdown completed (kafka.log.LogCleaner$CleanerThread)
[2024-10-30 16:52:43,983] INFO [kafka-log-cleaner-thread-0]: Stopped (kafka.log.LogCleaner$CleanerThread)
[2024-10-30 16:52:44,035] INFO [ProducerStateManager partition=__consumer_offsets-29] Wrote producer snapshot at offset 3 with 0 producer ids in 2 ms. (org.apache.kafka.storage.internals.log.ProducerStateManager)
[2024-10-30 16:52:44,038] INFO [ProducerStateManager partition=__consumer_offsets-43] Wrote producer snapshot at offset 3 with 0 producer ids in 1 ms. (org.apache.kafka.storage.internals.log.ProducerStateManager)
[2024-10-30 16:52:44,051] INFO [ProducerStateManager partition=__consumer_offsets-26] Wrote producer snapshot at offset 3 with 0 producer ids in 2 ms. (org.apache.kafka.storage.internals.log.ProducerStateManager)
[2024-10-30 16:52:44,059] INFO [ProducerStateManager partition=__consumer_offsets-25] Wrote producer snapshot at offset 204 with 0 producer ids in 1 ms. (org.apache.kafka.storage.internals.log.ProducerStateManager)
[2024-10-30 16:52:44,078] INFO [ProducerStateManager partition=__consumer_offsets-17] Wrote producer snapshot at offset 2 with 0 producer ids in 1 ms. (org.apache.kafka.storage.internals.log.ProducerStateManager)
[2024-10-30 16:52:44,094] INFO [ProducerStateManager partition=first-topic-0] Wrote producer snapshot at offset 4 with 1 producer ids in 1 ms. (org.apache.kafka.storage.internals.log.ProducerStateManager)
[2024-10-30 16:52:44,103] INFO [ProducerStateManager partition=__consumer_offsets-48] Wrote producer snapshot at offset 3 with 0 producer ids in 1 ms. (org.apache.kafka.storage.internals.log.ProducerStateManager)
[2024-10-30 16:52:44,119] INFO [ProducerStateManager partition=__consumer_offsets-15] Wrote producer snapshot at offset 2 with 0 producer ids in 1 ms. (org.apache.kafka.storage.internals.log.ProducerStateManager)
[2024-10-30 16:52:44,126] INFO [ProducerStateManager partition=cab-location-0] Wrote producer snapshot at offset 342 with 3 producer ids in 0 ms. (org.apache.kafka.storage.internals.log.ProducerStateManager)
[2024-10-30 16:52:44,177] INFO Shutdown complete. (kafka.log.LogManager)
[2024-10-30 16:52:44,186] INFO [feature-zk-node-event-process-thread]: Shutting down (kafka.server.FinalizedFeatureChangeListener$ChangeNotificationProcessorThread)
[2024-10-30 16:52:44,186] INFO [feature-zk-node-event-process-thread]: Shutdown completed (kafka.server.FinalizedFeatureChangeListener$ChangeNotificationProcessorThread)
[2024-10-30 16:52:44,186] INFO [feature-zk-node-event-process-thread]: Stopped (kafka.server.FinalizedFeatureChangeListener$ChangeNotificationProcessorThread)
[2024-10-30 16:52:44,187] INFO [ZooKeeperClient Kafka server] Closing. (kafka.zookeeper.ZooKeeperClient)
[2024-10-30 16:52:45,529] INFO Opening socket connection to server localhost/127.0.0.1:2181. (org.apache.zookeeper.ClientCnxn)
[2024-10-30 16:52:45,633] INFO Session: 0x1000c04d8930000 closed (org.apache.zookeeper.ZooKeeper)
[2024-10-30 16:52:45,633] INFO EventThread shut down for session: 0x1000c04d8930000 (org.apache.zookeeper.ClientCnxn)
[2024-10-30 16:52:45,634] INFO [ZooKeeperClient Kafka server] Closed. (kafka.zookeeper.ZooKeeperClient)
[2024-10-30 16:52:45,634] INFO [ThrottledChannelReaper-Fetch]: Shutting down (kafka.server.ClientQuotaManager$ThrottledChannelReaper)
[2024-10-30 16:52:45,637] INFO [ThrottledChannelReaper-Fetch]: Stopped (kafka.server.ClientQuotaManager$ThrottledChannelReaper)
[2024-10-30 16:52:45,637] INFO [ThrottledChannelReaper-Fetch]: Shutdown completed (kafka.server.ClientQuotaManager$ThrottledChannelReaper)
[2024-10-30 16:52:45,637] INFO [ThrottledChannelReaper-Produce]: Shutting down (kafka.server.ClientQuotaManager$ThrottledChannelReaper)
[2024-10-30 16:52:45,637] INFO [ThrottledChannelReaper-Produce]: Stopped (kafka.server.ClientQuotaManager$ThrottledChannelReaper)
[2024-10-30 16:52:45,637] INFO [ThrottledChannelReaper-Produce]: Shutdown completed (kafka.server.ClientQuotaManager$ThrottledChannelReaper)
[2024-10-30 16:52:45,638] INFO [ThrottledChannelReaper-Request]: Shutting down (kafka.server.ClientQuotaManager$ThrottledChannelReaper)
[2024-10-30 16:52:45,638] INFO [ThrottledChannelReaper-Request]: Stopped (kafka.server.ClientQuotaManager$ThrottledChannelReaper)
[2024-10-30 16:52:45,638] INFO [ThrottledChannelReaper-Request]: Shutdown completed (kafka.server.ClientQuotaManager$ThrottledChannelReaper)
[2024-10-30 16:52:45,638] INFO [ThrottledChannelReaper-ControllerMutation]: Shutting down (kafka.server.ClientQuotaManager$ThrottledChannelReaper)
[2024-10-30 16:52:45,638] INFO [ThrottledChannelReaper-ControllerMutation]: Stopped (kafka.server.ClientQuotaManager$ThrottledChannelReaper)
[2024-10-30 16:52:45,638] INFO [ThrottledChannelReaper-ControllerMutation]: Shutdown completed (kafka.server.ClientQuotaManager$ThrottledChannelReaper)
[2024-10-30 16:52:45,640] INFO [SocketServer listenerType=ZK_BROKER, nodeId=0] Shutting down socket server (kafka.network.SocketServer)
[2024-10-30 16:52:45,667] INFO [SocketServer listenerType=ZK_BROKER, nodeId=0] Shutdown completed (kafka.network.SocketServer)
[2024-10-30 16:52:45,668] INFO Metrics scheduler closed (org.apache.kafka.common.metrics.Metrics)
[2024-10-30 16:52:45,668] INFO Closing reporter org.apache.kafka.common.metrics.JmxReporter (org.apache.kafka.common.metrics.Metrics)
[2024-10-30 16:52:45,668] INFO Metrics reporters closed (org.apache.kafka.common.metrics.Metrics)
[2024-10-30 16:52:45,669] INFO Broker and topic stats closed (kafka.server.BrokerTopicStats)
[2024-10-30 16:52:45,670] INFO App info kafka.server for 0 unregistered (org.apache.kafka.common.utils.AppInfoParser)
[2024-10-30 16:52:45,671] INFO [KafkaServer id=0] shut down completed (kafka.server.KafkaServer)
